<?xml version="1.0" encoding="UTF-8"?>
<!-- Generated by org.testng.reporters.JUnitReportReporter -->
<testsuite hostname="ClassRoom-101" failures="0" tests="1" name="sample.runner" time="6.232" errors="0" timestamp="2024-02-06T12:07:45 IST" skipped="0">
  <testcase classname="sample.runner" name="run" time="6.232"/>
</testsuite> <!-- sample.runner -->
