<?xml version="1.0" encoding="UTF-8"?>
<!-- Generated by org.testng.reporters.JUnitReportReporter -->
<testsuite hostname="ClassRoom-101" failures="0" tests="1" name="launch_broser.chrome_browser" time="4.121" errors="0" timestamp="2024-01-31T13:07:17 IST" skipped="0">
  <testcase classname="launch_broser.chrome_browser" name="run" time="4.121"/>
</testsuite> <!-- launch_broser.chrome_browser -->
