<?xml version="1.0" encoding="UTF-8"?>
<!-- Generated by org.testng.reporters.JUnitReportReporter -->
<testsuite hostname="ClassRoom-101" failures="0" tests="1" name="sample.runner" time="4.911" errors="0" timestamp="07 Feb 2024 08:52:08 GMT" skipped="0">
  <testcase classname="sample.runner" name="run" time="4.911"/>
</testsuite> <!-- sample.runner -->
